<?xml version="1.0" encoding="UTF-8"?>
<coverage generated="1648962830382" clover="3.2.0">
  <project timestamp="1648962830382" name="All files">
    <metrics statements="19" coveredstatements="18" conditionals="8" coveredconditionals="8" methods="3" coveredmethods="3" elements="30" coveredelements="29" complexity="0" loc="19" ncloc="19" packages="1" files="3" classes="3"/>
    <file name="not_empty_array.ts" path="/home/celio1878/Documents/projects/nodejs_appbuilder/code/src/utils/validators/not_empty_array.ts">
      <metrics statements="6" coveredstatements="6" conditionals="3" coveredconditionals="3" methods="1" coveredmethods="1"/>
      <line num="1" count="22" type="cond" truecount="1" falsecount="0"/>
      <line num="2" count="11" type="cond" truecount="1" falsecount="0"/>
      <line num="3" count="6" type="stmt"/>
      <line num="6" count="5" type="cond" truecount="1" falsecount="0"/>
      <line num="7" count="1" type="stmt"/>
      <line num="10" count="4" type="stmt"/>
    </file>
    <file name="not_empty_string.ts" path="/home/celio1878/Documents/projects/nodejs_appbuilder/code/src/utils/validators/not_empty_string.ts">
      <metrics statements="6" coveredstatements="5" conditionals="2" coveredconditionals="2" methods="1" coveredmethods="1"/>
      <line num="1" count="1" type="stmt"/>
      <line num="2" count="10" type="cond" truecount="1" falsecount="0"/>
      <line num="3" count="7" type="stmt"/>
      <line num="6" count="3" type="cond" truecount="1" falsecount="0"/>
      <line num="7" count="3" type="stmt"/>
      <line num="10" count="0" type="stmt"/>
    </file>
    <file name="positive_number.ts" path="/home/celio1878/Documents/projects/nodejs_appbuilder/code/src/utils/validators/positive_number.ts">
      <metrics statements="7" coveredstatements="7" conditionals="3" coveredconditionals="3" methods="1" coveredmethods="1"/>
      <line num="1" count="26" type="cond" truecount="1" falsecount="0"/>
      <line num="2" count="13" type="stmt"/>
      <line num="4" count="13" type="cond" truecount="1" falsecount="0"/>
      <line num="5" count="1" type="stmt"/>
      <line num="8" count="12" type="cond" truecount="1" falsecount="0"/>
      <line num="9" count="8" type="stmt"/>
      <line num="12" count="4" type="stmt"/>
    </file>
  </project>
</coverage>
