<?xml version="1.0" encoding="UTF-8"?>
<coverage generated="1655564419842" clover="3.2.0">
  <project timestamp="1655564419842" name="All files">
    <metrics statements="80" coveredstatements="77" conditionals="45" coveredconditionals="42" methods="24" coveredmethods="23" elements="149" coveredelements="142" complexity="0" loc="80" ncloc="80" packages="3" files="6" classes="6"/>
    <package name="src">
      <metrics statements="59" coveredstatements="57" conditionals="36" coveredconditionals="33" methods="19" coveredmethods="18"/>
      <file name="AppBuilder.ts" path="/home/celio1878/Documents/projects/nodejs_appbuilder/code/src/AppBuilder.ts">
        <metrics statements="51" coveredstatements="49" conditionals="36" coveredconditionals="33" methods="17" coveredmethods="16"/>
        <line num="1" count="1" type="stmt"/>
        <line num="2" count="1" type="stmt"/>
        <line num="3" count="1" type="stmt"/>
        <line num="12" count="1" type="stmt"/>
        <line num="20" count="1" type="cond" truecount="1" falsecount="0"/>
        <line num="21" count="43" type="stmt"/>
        <line num="23" count="43" type="stmt"/>
        <line num="26" count="21" type="stmt"/>
        <line num="27" count="21" type="stmt"/>
        <line num="28" count="21" type="stmt"/>
        <line num="30" count="21" type="stmt"/>
        <line num="36" count="21" type="stmt"/>
        <line num="37" count="63" type="stmt"/>
        <line num="41" count="21" type="stmt"/>
        <line num="42" count="22" type="stmt"/>
        <line num="43" count="22" type="stmt"/>
        <line num="45" count="2" type="stmt"/>
        <line num="48" count="21" type="stmt"/>
        <line num="49" count="22" type="stmt"/>
        <line num="53" count="21" type="stmt"/>
        <line num="54" count="22" type="stmt"/>
        <line num="62" count="21" type="stmt"/>
        <line num="64" count="21" type="stmt"/>
        <line num="76" count="21" type="stmt"/>
        <line num="87" count="0" type="stmt"/>
        <line num="90" count="21" type="stmt"/>
        <line num="101" count="21" type="stmt"/>
        <line num="119" count="24" type="cond" truecount="1" falsecount="1"/>
        <line num="120" count="24" type="stmt"/>
        <line num="121" count="24" type="stmt"/>
        <line num="124" count="24" type="stmt"/>
        <line num="127" count="24" type="stmt"/>
        <line num="135" count="24" type="stmt"/>
        <line num="137" count="24" type="stmt"/>
        <line num="140" count="24" type="cond" truecount="4" falsecount="0"/>
        <line num="141" count="2" type="stmt"/>
        <line num="149" count="24" type="stmt"/>
        <line num="153" count="25" type="stmt"/>
        <line num="154" count="25" type="stmt"/>
        <line num="155" count="25" type="stmt"/>
        <line num="157" count="25" type="cond" truecount="3" falsecount="0"/>
        <line num="158" count="3" type="stmt"/>
        <line num="161" count="0" type="stmt"/>
        <line num="173" count="96" type="stmt"/>
        <line num="175" count="96" type="cond" truecount="1" falsecount="0"/>
        <line num="176" count="30" type="stmt"/>
        <line num="179" count="66" type="cond" truecount="1" falsecount="0"/>
        <line num="180" count="59" type="stmt"/>
        <line num="183" count="66" type="cond" truecount="1" falsecount="0"/>
        <line num="184" count="15" type="stmt"/>
        <line num="187" count="66" type="stmt"/>
      </file>
      <file name="replys.ts" path="/home/celio1878/Documents/projects/nodejs_appbuilder/code/src/replys.ts">
        <metrics statements="8" coveredstatements="8" conditionals="0" coveredconditionals="0" methods="2" coveredmethods="2"/>
        <line num="8" count="1" type="stmt"/>
        <line num="13" count="1" type="stmt"/>
        <line num="18" count="1" type="stmt"/>
        <line num="23" count="1" type="stmt"/>
        <line num="28" count="1" type="stmt"/>
        <line num="33" count="1" type="stmt"/>
        <line num="36" count="6" type="stmt"/>
        <line num="37" count="22" type="stmt"/>
      </file>
    </package>
    <package name="src.utils">
      <metrics statements="2" coveredstatements="2" conditionals="1" coveredconditionals="1" methods="2" coveredmethods="2"/>
      <file name="sleep.ts" path="/home/celio1878/Documents/projects/nodejs_appbuilder/code/src/utils/sleep.ts">
        <metrics statements="2" coveredstatements="2" conditionals="1" coveredconditionals="1" methods="2" coveredmethods="2"/>
        <line num="8" count="1" type="cond" truecount="1" falsecount="0"/>
        <line num="9" count="2" type="stmt"/>
      </file>
    </package>
    <package name="src.utils.validators">
      <metrics statements="19" coveredstatements="18" conditionals="8" coveredconditionals="8" methods="3" coveredmethods="3"/>
      <file name="not_empty_array.ts" path="/home/celio1878/Documents/projects/nodejs_appbuilder/code/src/utils/validators/not_empty_array.ts">
        <metrics statements="6" coveredstatements="6" conditionals="3" coveredconditionals="3" methods="1" coveredmethods="1"/>
        <line num="8" count="1" type="cond" truecount="1" falsecount="0"/>
        <line num="9" count="11" type="cond" truecount="1" falsecount="0"/>
        <line num="10" count="6" type="stmt"/>
        <line num="13" count="5" type="cond" truecount="1" falsecount="0"/>
        <line num="14" count="1" type="stmt"/>
        <line num="17" count="4" type="stmt"/>
      </file>
      <file name="not_empty_string.ts" path="/home/celio1878/Documents/projects/nodejs_appbuilder/code/src/utils/validators/not_empty_string.ts">
        <metrics statements="6" coveredstatements="5" conditionals="2" coveredconditionals="2" methods="1" coveredmethods="1"/>
        <line num="8" count="1" type="stmt"/>
        <line num="9" count="10" type="cond" truecount="1" falsecount="0"/>
        <line num="10" count="7" type="stmt"/>
        <line num="13" count="3" type="cond" truecount="1" falsecount="0"/>
        <line num="14" count="3" type="stmt"/>
        <line num="17" count="0" type="stmt"/>
      </file>
      <file name="positive_number.ts" path="/home/celio1878/Documents/projects/nodejs_appbuilder/code/src/utils/validators/positive_number.ts">
        <metrics statements="7" coveredstatements="7" conditionals="3" coveredconditionals="3" methods="1" coveredmethods="1"/>
        <line num="8" count="1" type="cond" truecount="1" falsecount="0"/>
        <line num="9" count="13" type="stmt"/>
        <line num="11" count="13" type="cond" truecount="1" falsecount="0"/>
        <line num="12" count="1" type="stmt"/>
        <line num="15" count="12" type="cond" truecount="1" falsecount="0"/>
        <line num="16" count="8" type="stmt"/>
        <line num="19" count="4" type="stmt"/>
      </file>
    </package>
  </project>
</coverage>
