{"/home/celio1878/Documents/projects/nodejs_appbuilder/code/src/utils/validators/not_empty_array.ts": {"path":"/home/celio1878/Documents/projects/nodejs_appbuilder/code/src/utils/validators/not_empty_array.ts","statementMap":{"0":{"start":{"line":1,"column":44},"end":{"line":1,"column":null}},"1":{"start":{"line":2,"column":2},"end":{"line":4,"column":null}},"2":{"start":{"line":3,"column":4},"end":{"line":3,"column":58}},"3":{"start":{"line":6,"column":2},"end":{"line":8,"column":null}},"4":{"start":{"line":7,"column":4},"end":{"line":7,"column":48}},"5":{"start":{"line":10,"column":2},"end":{"line":10,"column":13}},"6":{"start":{"line":1,"column":0},"end":{"line":1,"column":16}}},"fnMap":{"0":{"name":"not_empty_array","decl":{"start":{"line":1,"column":16},"end":{"line":1,"column":31}},"loc":{"start":{"line":1,"column":65},"end":{"line":11,"column":1}}}},"branchMap":{"0":{"loc":{"start":{"line":1,"column":44},"end":{"line":1,"column":null}},"type":"if","locations":[{"start":{"line":1,"column":44},"end":{"line":1,"column":null}}]},"1":{"loc":{"start":{"line":2,"column":2},"end":{"line":4,"column":null}},"type":"if","locations":[{"start":{"line":2,"column":2},"end":{"line":4,"column":null}}]},"2":{"loc":{"start":{"line":6,"column":2},"end":{"line":8,"column":null}},"type":"if","locations":[{"start":{"line":6,"column":2},"end":{"line":8,"column":null}}]}},"s":{"0":22,"1":11,"2":6,"3":5,"4":1,"5":4,"6":1},"f":{"0":11},"b":{"0":[11],"1":[6],"2":[1]}}
,"/home/celio1878/Documents/projects/nodejs_appbuilder/code/src/utils/validators/not_empty_string.ts": {"path":"/home/celio1878/Documents/projects/nodejs_appbuilder/code/src/utils/validators/not_empty_string.ts","statementMap":{"0":{"start":{"line":2,"column":1},"end":{"line":4,"column":null}},"1":{"start":{"line":3,"column":2},"end":{"line":3,"column":76}},"2":{"start":{"line":6,"column":1},"end":{"line":8,"column":null}},"3":{"start":{"line":7,"column":2},"end":{"line":7,"column":54}},"4":{"start":{"line":10,"column":1},"end":{"line":10,"column":14}},"5":{"start":{"line":1,"column":0},"end":{"line":1,"column":16}}},"fnMap":{"0":{"name":"not_empty_string","decl":{"start":{"line":1,"column":16},"end":{"line":1,"column":32}},"loc":{"start":{"line":1,"column":64},"end":{"line":11,"column":1}}}},"branchMap":{"0":{"loc":{"start":{"line":2,"column":1},"end":{"line":4,"column":null}},"type":"if","locations":[{"start":{"line":2,"column":1},"end":{"line":4,"column":null}}]},"1":{"loc":{"start":{"line":6,"column":1},"end":{"line":8,"column":null}},"type":"if","locations":[{"start":{"line":6,"column":1},"end":{"line":8,"column":null}}]}},"s":{"0":10,"1":7,"2":3,"3":3,"4":0,"5":1},"f":{"0":10},"b":{"0":[7],"1":[3]}}
,"/home/celio1878/Documents/projects/nodejs_appbuilder/code/src/utils/validators/positive_number.ts": {"path":"/home/celio1878/Documents/projects/nodejs_appbuilder/code/src/utils/validators/positive_number.ts","statementMap":{"0":{"start":{"line":1,"column":43},"end":{"line":1,"column":null}},"1":{"start":{"line":2,"column":13},"end":{"line":2,"column":15}},"2":{"start":{"line":4,"column":1},"end":{"line":6,"column":null}},"3":{"start":{"line":5,"column":2},"end":{"line":5,"column":50}},"4":{"start":{"line":8,"column":1},"end":{"line":10,"column":null}},"5":{"start":{"line":9,"column":2},"end":{"line":9,"column":68}},"6":{"start":{"line":12,"column":1},"end":{"line":12,"column":12}},"7":{"start":{"line":1,"column":0},"end":{"line":1,"column":16}}},"fnMap":{"0":{"name":"positive_number","decl":{"start":{"line":1,"column":16},"end":{"line":1,"column":31}},"loc":{"start":{"line":1,"column":56},"end":{"line":13,"column":1}}}},"branchMap":{"0":{"loc":{"start":{"line":1,"column":43},"end":{"line":1,"column":null}},"type":"if","locations":[{"start":{"line":1,"column":43},"end":{"line":1,"column":null}}]},"1":{"loc":{"start":{"line":4,"column":1},"end":{"line":6,"column":null}},"type":"if","locations":[{"start":{"line":4,"column":1},"end":{"line":6,"column":null}}]},"2":{"loc":{"start":{"line":8,"column":1},"end":{"line":10,"column":null}},"type":"if","locations":[{"start":{"line":8,"column":1},"end":{"line":10,"column":null}}]}},"s":{"0":26,"1":13,"2":13,"3":1,"4":12,"5":8,"6":4,"7":1},"f":{"0":13},"b":{"0":[13],"1":[1],"2":[8]}}
}
