{"/home/celio1878/Documents/projects/nodejs_appbuilder/code/src/AppBuilder.ts": {"path":"/home/celio1878/Documents/projects/nodejs_appbuilder/code/src/AppBuilder.ts","statementMap":{"0":{"start":{"line":1,"column":0},"end":{"line":1,"column":43}},"1":{"start":{"line":2,"column":0},"end":{"line":2,"column":29}},"2":{"start":{"line":3,"column":0},"end":{"line":3,"column":35}},"3":{"start":{"line":12,"column":0},"end":{"line":12,"column":45}},"4":{"start":{"line":21,"column":21},"end":{"line":21,"column":75}},"5":{"start":{"line":21,"column":41},"end":{"line":21,"column":75}},"6":{"start":{"line":23,"column":2},"end":{"line":66,"column":4}},"7":{"start":{"line":26,"column":18},"end":{"line":26,"column":27}},"8":{"start":{"line":27,"column":6},"end":{"line":27,"column":34}},"9":{"start":{"line":28,"column":28},"end":{"line":28,"column":46}},"10":{"start":{"line":30,"column":33},"end":{"line":34,"column":8}},"11":{"start":{"line":36,"column":6},"end":{"line":38,"column":8}},"12":{"start":{"line":37,"column":8},"end":{"line":37,"column":39}},"13":{"start":{"line":41,"column":6},"end":{"line":45,"column":73}},"14":{"start":{"line":42,"column":29},"end":{"line":42,"column":71}},"15":{"start":{"line":43,"column":32},"end":{"line":43,"column":44}},"16":{"start":{"line":45,"column":33},"end":{"line":45,"column":71}},"17":{"start":{"line":48,"column":26},"end":{"line":50,"column":null}},"18":{"start":{"line":49,"column":25},"end":{"line":49,"column":53}},"19":{"start":{"line":53,"column":6},"end":{"line":60,"column":8}},"20":{"start":{"line":54,"column":8},"end":{"line":58,"column":null}},"21":{"start":{"line":62,"column":6},"end":{"line":62,"column":62}},"22":{"start":{"line":64,"column":6},"end":{"line":64,"column":17}},"23":{"start":{"line":20,"column":0},"end":{"line":20,"column":16}},"24":{"start":{"line":76,"column":36},"end":{"line":88,"column":4}},"25":{"start":{"line":87,"column":6},"end":{"line":87,"column":29}},"26":{"start":{"line":90,"column":32},"end":{"line":99,"column":4}},"27":{"start":{"line":101,"column":2},"end":{"line":101,"column":20}},"28":{"start":{"line":119,"column":2},"end":{"line":138,"column":5}},"29":{"start":{"line":120,"column":31},"end":{"line":120,"column":60}},"30":{"start":{"line":121,"column":38},"end":{"line":122,"column":null}},"31":{"start":{"line":124,"column":31},"end":{"line":124,"column":60}},"32":{"start":{"line":127,"column":6},"end":{"line":132,"column":null}},"33":{"start":{"line":135,"column":17},"end":{"line":135,"column":71}},"34":{"start":{"line":137,"column":4},"end":{"line":137,"column":47}},"35":{"start":{"line":140,"column":2},"end":{"line":147,"column":4}},"36":{"start":{"line":141,"column":4},"end":{"line":145,"column":null}},"37":{"start":{"line":149,"column":2},"end":{"line":149,"column":13}},"38":{"start":{"line":153,"column":2},"end":{"line":163,"column":4}},"39":{"start":{"line":154,"column":4},"end":{"line":162,"column":null}},"40":{"start":{"line":155,"column":32},"end":{"line":155,"column":58}},"41":{"start":{"line":157,"column":6},"end":{"line":159,"column":null}},"42":{"start":{"line":158,"column":8},"end":{"line":158,"column":38}},"43":{"start":{"line":161,"column":6},"end":{"line":161,"column":18}},"44":{"start":{"line":173,"column":15},"end":{"line":173,"column":25}},"45":{"start":{"line":175,"column":2},"end":{"line":177,"column":null}},"46":{"start":{"line":176,"column":4},"end":{"line":176,"column":14}},"47":{"start":{"line":179,"column":2},"end":{"line":181,"column":null}},"48":{"start":{"line":180,"column":4},"end":{"line":180,"column":48}},"49":{"start":{"line":183,"column":2},"end":{"line":185,"column":null}},"50":{"start":{"line":184,"column":4},"end":{"line":184,"column":52}},"51":{"start":{"line":187,"column":2},"end":{"line":187,"column":16}}},"fnMap":{"0":{"name":"AppBuilder","decl":{"start":{"line":20,"column":16},"end":{"line":20,"column":26}},"loc":{"start":{"line":20,"column":49},"end":{"line":67,"column":1}}},"1":{"name":"(anonymous_1)","decl":{"start":{"line":21,"column":21},"end":{"line":21,"column":22}},"loc":{"start":{"line":21,"column":41},"end":{"line":21,"column":75}}},"2":{"name":"(anonymous_2)","decl":{"start":{"line":25,"column":4},"end":{"line":25,"column":9}},"loc":{"start":{"line":25,"column":34},"end":{"line":65,"column":5}}},"3":{"name":"(anonymous_3)","decl":{"start":{"line":36,"column":33},"end":{"line":36,"column":34}},"loc":{"start":{"line":37,"column":8},"end":{"line":37,"column":39}}},"4":{"name":"(anonymous_4)","decl":{"start":{"line":42,"column":17},"end":{"line":42,"column":18}},"loc":{"start":{"line":42,"column":29},"end":{"line":42,"column":71}}},"5":{"name":"(anonymous_5)","decl":{"start":{"line":43,"column":16},"end":{"line":43,"column":17}},"loc":{"start":{"line":43,"column":32},"end":{"line":43,"column":44}}},"6":{"name":"(anonymous_6)","decl":{"start":{"line":45,"column":17},"end":{"line":45,"column":18}},"loc":{"start":{"line":45,"column":33},"end":{"line":45,"column":71}}},"7":{"name":"(anonymous_7)","decl":{"start":{"line":49,"column":8},"end":{"line":49,"column":9}},"loc":{"start":{"line":49,"column":25},"end":{"line":49,"column":53}}},"8":{"name":"(anonymous_8)","decl":{"start":{"line":53,"column":22},"end":{"line":53,"column":23}},"loc":{"start":{"line":54,"column":8},"end":{"line":58,"column":null}}},"9":{"name":"default_args","decl":{"start":{"line":75,"column":9},"end":{"line":75,"column":21}},"loc":{"start":{"line":75,"column":46},"end":{"line":102,"column":1}}},"10":{"name":"(anonymous_10)","decl":{"start":{"line":86,"column":19},"end":{"line":86,"column":20}},"loc":{"start":{"line":87,"column":6},"end":{"line":87,"column":29}}},"11":{"name":"add_module_endpoints_to_app","decl":{"start":{"line":113,"column":9},"end":{"line":113,"column":36}},"loc":{"start":{"line":117,"column":23},"end":{"line":150,"column":1}}},"12":{"name":"(anonymous_12)","decl":{"start":{"line":119,"column":35},"end":{"line":119,"column":36}},"loc":{"start":{"line":119,"column":73},"end":{"line":138,"column":3}}},"13":{"name":"(anonymous_13)","decl":{"start":{"line":140,"column":27},"end":{"line":140,"column":28}},"loc":{"start":{"line":141,"column":4},"end":{"line":145,"column":null}}},"14":{"name":"with_error_handling","decl":{"start":{"line":152,"column":9},"end":{"line":152,"column":28}},"loc":{"start":{"line":152,"column":44},"end":{"line":164,"column":1}}},"15":{"name":"(anonymous_15)","decl":{"start":{"line":153,"column":9},"end":{"line":153,"column":10}},"loc":{"start":{"line":153,"column":61},"end":{"line":163,"column":3}}},"16":{"name":"remove_trim_slashes","decl":{"start":{"line":172,"column":9},"end":{"line":172,"column":28}},"loc":{"start":{"line":172,"column":40},"end":{"line":188,"column":1}}}},"branchMap":{"0":{"loc":{"start":{"line":20,"column":27},"end":{"line":20,"column":49}},"type":"default-arg","locations":[{"start":{"line":20,"column":47},"end":{"line":20,"column":49}}]},"1":{"loc":{"start":{"line":83,"column":10},"end":{"line":83,"column":26}},"type":"binary-expr","locations":[{"start":{"line":83,"column":10},"end":{"line":83,"column":20}},{"start":{"line":83,"column":24},"end":{"line":83,"column":26}}]},"2":{"loc":{"start":{"line":92,"column":8},"end":{"line":92,"column":18}},"type":"binary-expr","locations":[{"start":{"line":92,"column":8},"end":{"line":92,"column":12}},{"start":{"line":92,"column":16},"end":{"line":92,"column":18}}]},"3":{"loc":{"start":{"line":95,"column":10},"end":{"line":95,"column":26}},"type":"binary-expr","locations":[{"start":{"line":95,"column":10},"end":{"line":95,"column":20}},{"start":{"line":95,"column":24},"end":{"line":95,"column":26}}]},"4":{"loc":{"start":{"line":98,"column":19},"end":{"line":98,"column":70}},"type":"binary-expr","locations":[{"start":{"line":98,"column":19},"end":{"line":98,"column":38}},{"start":{"line":98,"column":42},"end":{"line":98,"column":70}}]},"5":{"loc":{"start":{"line":117,"column":2},"end":{"line":117,"column":23}},"type":"default-arg","locations":[{"start":{"line":117,"column":21},"end":{"line":117,"column":23}}]},"6":{"loc":{"start":{"line":119,"column":3},"end":{"line":119,"column":25}},"type":"binary-expr","locations":[{"start":{"line":119,"column":3},"end":{"line":119,"column":19}},{"start":{"line":119,"column":23},"end":{"line":119,"column":25}}]},"7":{"loc":{"start":{"line":122,"column":6},"end":{"line":122,"column":27}},"type":"binary-expr","locations":[{"start":{"line":122,"column":6},"end":{"line":122,"column":21}},{"start":{"line":122,"column":25},"end":{"line":122,"column":27}}]},"8":{"loc":{"start":{"line":157,"column":6},"end":{"line":159,"column":null}},"type":"if","locations":[{"start":{"line":157,"column":6},"end":{"line":159,"column":null}}]},"9":{"loc":{"start":{"line":157,"column":10},"end":{"line":157,"column":56}},"type":"binary-expr","locations":[{"start":{"line":157,"column":10},"end":{"line":157,"column":29}},{"start":{"line":157,"column":33},"end":{"line":157,"column":56}}]},"10":{"loc":{"start":{"line":175,"column":2},"end":{"line":177,"column":null}},"type":"if","locations":[{"start":{"line":175,"column":2},"end":{"line":177,"column":null}}]},"11":{"loc":{"start":{"line":179,"column":2},"end":{"line":181,"column":null}},"type":"if","locations":[{"start":{"line":179,"column":2},"end":{"line":181,"column":null}}]},"12":{"loc":{"start":{"line":183,"column":2},"end":{"line":185,"column":null}},"type":"if","locations":[{"start":{"line":183,"column":2},"end":{"line":185,"column":null}}]}},"s":{"0":1,"1":1,"2":1,"3":1,"4":43,"5":22,"6":43,"7":21,"8":21,"9":21,"10":21,"11":21,"12":63,"13":21,"14":22,"15":22,"16":2,"17":21,"18":22,"19":21,"20":22,"21":21,"22":21,"23":1,"24":21,"25":0,"26":21,"27":21,"28":24,"29":24,"30":24,"31":24,"32":24,"33":24,"34":24,"35":24,"36":2,"37":24,"38":25,"39":25,"40":25,"41":25,"42":3,"43":0,"44":96,"45":96,"46":30,"47":66,"48":59,"49":66,"50":15,"51":66},"f":{"0":43,"1":22,"2":21,"3":63,"4":22,"5":22,"6":2,"7":22,"8":22,"9":21,"10":0,"11":24,"12":24,"13":2,"14":25,"15":25,"16":96},"b":{"0":[21],"1":[21,21],"2":[21,10],"3":[21,21],"4":[21,20],"5":[0],"6":[24,0],"7":[24,0],"8":[3],"9":[25,3],"10":[30],"11":[59],"12":[15]}}
,"/home/celio1878/Documents/projects/nodejs_appbuilder/code/src/logger.ts": {"path":"/home/celio1878/Documents/projects/nodejs_appbuilder/code/src/logger.ts","statementMap":{"0":{"start":{"line":1,"column":0},"end":{"line":1,"column":24}},"1":{"start":{"line":6,"column":13},"end":{"line":14,"column":3}}},"fnMap":{},"branchMap":{},"s":{"0":1,"1":1},"f":{},"b":{}}
,"/home/celio1878/Documents/projects/nodejs_appbuilder/code/src/utils/replys.ts": {"path":"/home/celio1878/Documents/projects/nodejs_appbuilder/code/src/utils/replys.ts","statementMap":{"0":{"start":{"line":2,"column":0},"end":{"line":2,"column":35}},"1":{"start":{"line":6,"column":13},"end":{"line":6,"column":52}},"2":{"start":{"line":7,"column":13},"end":{"line":7,"column":52}},"3":{"start":{"line":8,"column":13},"end":{"line":8,"column":57}},"4":{"start":{"line":9,"column":13},"end":{"line":9,"column":57}},"5":{"start":{"line":10,"column":13},"end":{"line":10,"column":54}},"6":{"start":{"line":11,"column":27},"end":{"line":20,"column":1}},"7":{"start":{"line":12,"column":16},"end":{"line":12,"column":28}},"8":{"start":{"line":13,"column":25},"end":{"line":13,"column":47}},"9":{"start":{"line":15,"column":2},"end":{"line":17,"column":null}},"10":{"start":{"line":16,"column":4},"end":{"line":16,"column":33}},"11":{"start":{"line":19,"column":2},"end":{"line":19,"column":48}},"12":{"start":{"line":11,"column":13},"end":{"line":11,"column":27}},"13":{"start":{"line":23,"column":2},"end":{"line":24,"column":38}},"14":{"start":{"line":24,"column":4},"end":{"line":24,"column":37}}},"fnMap":{"0":{"name":"(anonymous_0)","decl":{"start":{"line":11,"column":27},"end":{"line":11,"column":28}},"loc":{"start":{"line":11,"column":57},"end":{"line":20,"column":1}}},"1":{"name":"reply_with_status","decl":{"start":{"line":22,"column":9},"end":{"line":22,"column":26}},"loc":{"start":{"line":22,"column":41},"end":{"line":25,"column":1}}},"2":{"name":"(anonymous_2)","decl":{"start":{"line":23,"column":9},"end":{"line":23,"column":10}},"loc":{"start":{"line":24,"column":4},"end":{"line":24,"column":37}}}},"branchMap":{"0":{"loc":{"start":{"line":13,"column":25},"end":{"line":13,"column":47}},"type":"binary-expr","locations":[{"start":{"line":13,"column":25},"end":{"line":13,"column":30}},{"start":{"line":13,"column":34},"end":{"line":13,"column":47}}]},"1":{"loc":{"start":{"line":15,"column":2},"end":{"line":17,"column":null}},"type":"if","locations":[{"start":{"line":15,"column":2},"end":{"line":17,"column":null}}]}},"s":{"0":1,"1":1,"2":1,"3":1,"4":1,"5":1,"6":1,"7":0,"8":0,"9":0,"10":0,"11":0,"12":1,"13":5,"14":22},"f":{"0":0,"1":5,"2":22},"b":{"0":[0,0],"1":[0]}}
,"/home/celio1878/Documents/projects/nodejs_appbuilder/code/src/utils/sleep.ts": {"path":"/home/celio1878/Documents/projects/nodejs_appbuilder/code/src/utils/sleep.ts","statementMap":{"0":{"start":{"line":8,"column":21},"end":{"line":9,"column":63}},"1":{"start":{"line":9,"column":2},"end":{"line":9,"column":63}},"2":{"start":{"line":9,"column":27},"end":{"line":9,"column":62}},"3":{"start":{"line":8,"column":13},"end":{"line":8,"column":21}}},"fnMap":{"0":{"name":"(anonymous_0)","decl":{"start":{"line":8,"column":21},"end":{"line":8,"column":22}},"loc":{"start":{"line":9,"column":2},"end":{"line":9,"column":63}}},"1":{"name":"(anonymous_1)","decl":{"start":{"line":9,"column":14},"end":{"line":9,"column":15}},"loc":{"start":{"line":9,"column":27},"end":{"line":9,"column":62}}}},"branchMap":{"0":{"loc":{"start":{"line":8,"column":22},"end":{"line":8,"column":35}},"type":"default-arg","locations":[{"start":{"line":8,"column":32},"end":{"line":8,"column":35}}]}},"s":{"0":1,"1":2,"2":2,"3":1},"f":{"0":2,"1":2},"b":{"0":[2]}}
,"/home/celio1878/Documents/projects/nodejs_appbuilder/code/src/utils/validators/not_empty_array.ts": {"path":"/home/celio1878/Documents/projects/nodejs_appbuilder/code/src/utils/validators/not_empty_array.ts","statementMap":{"0":{"start":{"line":9,"column":2},"end":{"line":11,"column":null}},"1":{"start":{"line":10,"column":4},"end":{"line":10,"column":47}},"2":{"start":{"line":13,"column":2},"end":{"line":15,"column":null}},"3":{"start":{"line":14,"column":4},"end":{"line":14,"column":44}},"4":{"start":{"line":17,"column":2},"end":{"line":17,"column":13}},"5":{"start":{"line":8,"column":0},"end":{"line":8,"column":16}}},"fnMap":{"0":{"name":"not_empty_array","decl":{"start":{"line":8,"column":16},"end":{"line":8,"column":31}},"loc":{"start":{"line":8,"column":65},"end":{"line":18,"column":1}}}},"branchMap":{"0":{"loc":{"start":{"line":8,"column":44},"end":{"line":8,"column":65}},"type":"default-arg","locations":[{"start":{"line":8,"column":63},"end":{"line":8,"column":65}}]},"1":{"loc":{"start":{"line":9,"column":2},"end":{"line":11,"column":null}},"type":"if","locations":[{"start":{"line":9,"column":2},"end":{"line":11,"column":null}}]},"2":{"loc":{"start":{"line":13,"column":2},"end":{"line":15,"column":null}},"type":"if","locations":[{"start":{"line":13,"column":2},"end":{"line":15,"column":null}}]}},"s":{"0":11,"1":6,"2":5,"3":1,"4":4,"5":1},"f":{"0":11},"b":{"0":[11],"1":[6],"2":[1]}}
,"/home/celio1878/Documents/projects/nodejs_appbuilder/code/src/utils/validators/not_empty_string.ts": {"path":"/home/celio1878/Documents/projects/nodejs_appbuilder/code/src/utils/validators/not_empty_string.ts","statementMap":{"0":{"start":{"line":9,"column":2},"end":{"line":11,"column":null}},"1":{"start":{"line":10,"column":4},"end":{"line":10,"column":55}},"2":{"start":{"line":13,"column":2},"end":{"line":15,"column":null}},"3":{"start":{"line":14,"column":4},"end":{"line":14,"column":44}},"4":{"start":{"line":17,"column":2},"end":{"line":17,"column":15}},"5":{"start":{"line":8,"column":0},"end":{"line":8,"column":16}}},"fnMap":{"0":{"name":"not_empty_string","decl":{"start":{"line":8,"column":16},"end":{"line":8,"column":32}},"loc":{"start":{"line":8,"column":64},"end":{"line":18,"column":1}}}},"branchMap":{"0":{"loc":{"start":{"line":9,"column":2},"end":{"line":11,"column":null}},"type":"if","locations":[{"start":{"line":9,"column":2},"end":{"line":11,"column":null}}]},"1":{"loc":{"start":{"line":13,"column":2},"end":{"line":15,"column":null}},"type":"if","locations":[{"start":{"line":13,"column":2},"end":{"line":15,"column":null}}]}},"s":{"0":10,"1":7,"2":3,"3":3,"4":0,"5":1},"f":{"0":10},"b":{"0":[7],"1":[3]}}
,"/home/celio1878/Documents/projects/nodejs_appbuilder/code/src/utils/validators/positive_number.ts": {"path":"/home/celio1878/Documents/projects/nodejs_appbuilder/code/src/utils/validators/positive_number.ts","statementMap":{"0":{"start":{"line":9,"column":14},"end":{"line":9,"column":16}},"1":{"start":{"line":11,"column":2},"end":{"line":13,"column":null}},"2":{"start":{"line":12,"column":4},"end":{"line":12,"column":51}},"3":{"start":{"line":15,"column":2},"end":{"line":17,"column":null}},"4":{"start":{"line":16,"column":4},"end":{"line":16,"column":60}},"5":{"start":{"line":19,"column":2},"end":{"line":19,"column":13}},"6":{"start":{"line":8,"column":0},"end":{"line":8,"column":16}}},"fnMap":{"0":{"name":"positive_number","decl":{"start":{"line":8,"column":16},"end":{"line":8,"column":31}},"loc":{"start":{"line":8,"column":56},"end":{"line":20,"column":1}}}},"branchMap":{"0":{"loc":{"start":{"line":8,"column":43},"end":{"line":8,"column":56}},"type":"default-arg","locations":[{"start":{"line":8,"column":54},"end":{"line":8,"column":56}}]},"1":{"loc":{"start":{"line":11,"column":2},"end":{"line":13,"column":null}},"type":"if","locations":[{"start":{"line":11,"column":2},"end":{"line":13,"column":null}}]},"2":{"loc":{"start":{"line":15,"column":2},"end":{"line":17,"column":null}},"type":"if","locations":[{"start":{"line":15,"column":2},"end":{"line":17,"column":null}}]}},"s":{"0":13,"1":13,"2":1,"3":12,"4":8,"5":4,"6":1},"f":{"0":13},"b":{"0":[13],"1":[1],"2":[8]}}
}
