TN:
SF:src/AppBuilder.ts
FN:20,AppBuilder
FN:21,(anonymous_1)
FN:25,(anonymous_2)
FN:36,(anonymous_3)
FN:42,(anonymous_4)
FN:43,(anonymous_5)
FN:45,(anonymous_6)
FN:49,(anonymous_7)
FN:53,(anonymous_8)
FN:75,default_args
FN:86,(anonymous_10)
FN:113,add_module_endpoints_to_app
FN:119,(anonymous_12)
FN:140,(anonymous_13)
FN:152,with_error_handling
FN:153,(anonymous_15)
FN:172,remove_trim_slashes
FNF:17
FNH:16
FNDA:43,AppBuilder
FNDA:22,(anonymous_1)
FNDA:21,(anonymous_2)
FNDA:63,(anonymous_3)
FNDA:22,(anonymous_4)
FNDA:22,(anonymous_5)
FNDA:2,(anonymous_6)
FNDA:22,(anonymous_7)
FNDA:22,(anonymous_8)
FNDA:21,default_args
FNDA:0,(anonymous_10)
FNDA:24,add_module_endpoints_to_app
FNDA:24,(anonymous_12)
FNDA:2,(anonymous_13)
FNDA:25,with_error_handling
FNDA:25,(anonymous_15)
FNDA:96,remove_trim_slashes
DA:1,1
DA:2,1
DA:3,1
DA:12,1
DA:20,1
DA:21,43
DA:23,43
DA:26,21
DA:27,21
DA:28,21
DA:30,21
DA:36,21
DA:37,63
DA:41,21
DA:42,22
DA:43,22
DA:45,2
DA:48,21
DA:49,22
DA:53,21
DA:54,22
DA:62,21
DA:64,21
DA:76,21
DA:87,0
DA:90,21
DA:101,21
DA:119,24
DA:120,24
DA:121,24
DA:124,24
DA:127,24
DA:135,24
DA:137,24
DA:140,24
DA:141,2
DA:149,24
DA:153,25
DA:154,25
DA:155,25
DA:157,25
DA:158,3
DA:161,0
DA:173,96
DA:175,96
DA:176,30
DA:179,66
DA:180,59
DA:183,66
DA:184,15
DA:187,66
LF:51
LH:49
BRDA:20,0,0,21
BRDA:83,1,0,21
BRDA:83,1,1,21
BRDA:83,2,0,10
BRDA:83,2,1,11
BRDA:83,3,0,21
BRDA:83,3,1,21
BRDA:92,4,0,21
BRDA:92,4,1,10
BRDA:95,5,0,21
BRDA:95,5,1,21
BRDA:95,6,0,10
BRDA:95,6,1,11
BRDA:95,7,0,21
BRDA:95,7,1,21
BRDA:98,8,0,21
BRDA:98,8,1,20
BRDA:98,9,0,10
BRDA:98,9,1,11
BRDA:98,10,0,21
BRDA:98,10,1,21
BRDA:117,11,0,0
BRDA:119,12,0,24
BRDA:119,12,1,0
BRDA:122,13,0,24
BRDA:122,13,1,0
BRDA:140,14,0,22
BRDA:140,14,1,2
BRDA:140,15,0,24
BRDA:140,15,1,24
BRDA:157,16,0,3
BRDA:157,17,0,25
BRDA:157,17,1,3
BRDA:175,18,0,30
BRDA:179,19,0,59
BRDA:183,20,0,15
BRF:36
BRH:33
end_of_record
TN:
SF:src/replys.ts
FN:35,reply_with_status
FN:36,(anonymous_1)
FNF:2
FNH:2
FNDA:6,reply_with_status
FNDA:22,(anonymous_1)
DA:8,1
DA:13,1
DA:18,1
DA:23,1
DA:28,1
DA:33,1
DA:36,6
DA:37,22
LF:8
LH:8
BRF:0
BRH:0
end_of_record
TN:
SF:src/utils/sleep.ts
FN:8,(anonymous_0)
FN:9,(anonymous_1)
FNF:2
FNH:2
FNDA:2,(anonymous_0)
FNDA:2,(anonymous_1)
DA:8,1
DA:9,2
LF:2
LH:2
BRDA:8,0,0,2
BRF:1
BRH:1
end_of_record
TN:
SF:src/utils/validators/not_empty_array.ts
FN:8,not_empty_array
FNF:1
FNH:1
FNDA:11,not_empty_array
DA:8,1
DA:9,11
DA:10,6
DA:13,5
DA:14,1
DA:17,4
LF:6
LH:6
BRDA:8,0,0,11
BRDA:9,1,0,6
BRDA:13,2,0,1
BRF:3
BRH:3
end_of_record
TN:
SF:src/utils/validators/not_empty_string.ts
FN:8,not_empty_string
FNF:1
FNH:1
FNDA:10,not_empty_string
DA:8,1
DA:9,10
DA:10,7
DA:13,3
DA:14,3
DA:17,0
LF:6
LH:5
BRDA:9,0,0,7
BRDA:13,1,0,3
BRF:2
BRH:2
end_of_record
TN:
SF:src/utils/validators/positive_number.ts
FN:8,positive_number
FNF:1
FNH:1
FNDA:13,positive_number
DA:8,1
DA:9,13
DA:11,13
DA:12,1
DA:15,12
DA:16,8
DA:19,4
LF:7
LH:7
BRDA:8,0,0,13
BRDA:11,1,0,1
BRDA:15,2,0,8
BRF:3
BRH:3
end_of_record
